2019-06-11 18:19:02,097 [main] ERROR [org.fisco.bcos.channel.client.Service] Service.java:147 - system error 
javax.net.ssl.SSLException: Failed to initialize the client-side SSLContext: class path resource [ca.crt] cannot be opened because it does not exist
	at org.fisco.bcos.channel.handler.ChannelConnections.initSslContextForConnect(ChannelConnections.java:350)
	at org.fisco.bcos.channel.handler.ChannelConnections.startConnect(ChannelConnections.java:283)
	at org.fisco.bcos.channel.client.Service.run(Service.java:113)
	at org.fisco.bcos.autoconfigure.Web3jConfig.getWeb3j(Web3jConfig.java:31)
	at org.fisco.bcos.autoconfigure.Web3jConfig$$EnhancerBySpringCGLIB$$ea1d926a.CGLIB$getWeb3j$0(<generated>)
	at org.fisco.bcos.autoconfigure.Web3jConfig$$EnhancerBySpringCGLIB$$ea1d926a$$FastClassBySpringCGLIB$$8b7e8543.invoke(<generated>)
	at org.springframework.cglib.proxy.MethodProxy.invokeSuper(MethodProxy.java:244)
	at org.springframework.context.annotation.ConfigurationClassEnhancer$BeanMethodInterceptor.intercept(ConfigurationClassEnhancer.java:363)
	at org.fisco.bcos.autoconfigure.Web3jConfig$$EnhancerBySpringCGLIB$$ea1d926a.getWeb3j(<generated>)
	at sun.reflect.NativeMethodAccessorImpl.invoke0(Native Method)
	at sun.reflect.NativeMethodAccessorImpl.invoke(NativeMethodAccessorImpl.java:62)
	at sun.reflect.DelegatingMethodAccessorImpl.invoke(DelegatingMethodAccessorImpl.java:43)
	at java.lang.reflect.Method.invoke(Method.java:498)
	at org.springframework.beans.factory.support.SimpleInstantiationStrategy.instantiate(SimpleInstantiationStrategy.java:154)
	at org.springframework.beans.factory.support.ConstructorResolver.instantiate(ConstructorResolver.java:622)
	at org.springframework.beans.factory.support.ConstructorResolver.instantiateUsingFactoryMethod(ConstructorResolver.java:607)
	at org.springframework.beans.factory.support.AbstractAutowireCapableBeanFactory.instantiateUsingFactoryMethod(AbstractAutowireCapableBeanFactory.java:1321)
	at org.springframework.beans.factory.support.AbstractAutowireCapableBeanFactory.createBeanInstance(AbstractAutowireCapableBeanFactory.java:1160)
	at org.springframework.beans.factory.support.AbstractAutowireCapableBeanFactory.doCreateBean(AbstractAutowireCapableBeanFactory.java:555)
	at org.springframework.beans.factory.support.AbstractAutowireCapableBeanFactory.createBean(AbstractAutowireCapableBeanFactory.java:515)
	at org.springframework.beans.factory.support.AbstractBeanFactory.lambda$doGetBean$0(AbstractBeanFactory.java:320)
	at org.springframework.beans.factory.support.DefaultSingletonBeanRegistry.getSingleton(DefaultSingletonBeanRegistry.java:222)
	at org.springframework.beans.factory.support.AbstractBeanFactory.doGetBean(AbstractBeanFactory.java:318)
	at org.springframework.beans.factory.support.AbstractBeanFactory.getBean(AbstractBeanFactory.java:199)
	at org.springframework.beans.factory.support.DefaultListableBeanFactory.preInstantiateSingletons(DefaultListableBeanFactory.java:849)
	at org.springframework.context.support.AbstractApplicationContext.finishBeanFactoryInitialization(AbstractApplicationContext.java:877)
	at org.springframework.context.support.AbstractApplicationContext.refresh(AbstractApplicationContext.java:549)
	at org.springframework.boot.SpringApplication.refresh(SpringApplication.java:775)
	at org.springframework.boot.SpringApplication.refreshContext(SpringApplication.java:397)
	at org.springframework.boot.SpringApplication.run(SpringApplication.java:316)
	at org.springframework.boot.SpringApplication.run(SpringApplication.java:1260)
	at org.springframework.boot.SpringApplication.run(SpringApplication.java:1248)
	at org.fisco.bcos.Application.main(Application.java:12)
2019-06-11 18:19:02,139 [main] ERROR [org.springframework.boot.SpringApplication] SpringApplication.java:858 - Application run failed
org.springframework.beans.factory.BeanCreationException: Error creating bean with name 'getWeb3j' defined in class path resource [org/fisco/bcos/autoconfigure/Web3jConfig.class]: Bean instantiation via factory method failed; nested exception is org.springframework.beans.BeanInstantiationException: Failed to instantiate [org.fisco.bcos.web3j.protocol.Web3j]: Factory method 'getWeb3j' threw exception; nested exception is javax.net.ssl.SSLException: Failed to initialize the client-side SSLContext: class path resource [ca.crt] cannot be opened because it does not exist
	at org.springframework.beans.factory.support.ConstructorResolver.instantiate(ConstructorResolver.java:627)
	at org.springframework.beans.factory.support.ConstructorResolver.instantiateUsingFactoryMethod(ConstructorResolver.java:607)
	at org.springframework.beans.factory.support.AbstractAutowireCapableBeanFactory.instantiateUsingFactoryMethod(AbstractAutowireCapableBeanFactory.java:1321)
	at org.springframework.beans.factory.support.AbstractAutowireCapableBeanFactory.createBeanInstance(AbstractAutowireCapableBeanFactory.java:1160)
	at org.springframework.beans.factory.support.AbstractAutowireCapableBeanFactory.doCreateBean(AbstractAutowireCapableBeanFactory.java:555)
	at org.springframework.beans.factory.support.AbstractAutowireCapableBeanFactory.createBean(AbstractAutowireCapableBeanFactory.java:515)
	at org.springframework.beans.factory.support.AbstractBeanFactory.lambda$doGetBean$0(AbstractBeanFactory.java:320)
	at org.springframework.beans.factory.support.DefaultSingletonBeanRegistry.getSingleton(DefaultSingletonBeanRegistry.java:222)
	at org.springframework.beans.factory.support.AbstractBeanFactory.doGetBean(AbstractBeanFactory.java:318)
	at org.springframework.beans.factory.support.AbstractBeanFactory.getBean(AbstractBeanFactory.java:199)
	at org.springframework.beans.factory.support.DefaultListableBeanFactory.preInstantiateSingletons(DefaultListableBeanFactory.java:849)
	at org.springframework.context.support.AbstractApplicationContext.finishBeanFactoryInitialization(AbstractApplicationContext.java:877)
	at org.springframework.context.support.AbstractApplicationContext.refresh(AbstractApplicationContext.java:549)
	at org.springframework.boot.SpringApplication.refresh(SpringApplication.java:775)
	at org.springframework.boot.SpringApplication.refreshContext(SpringApplication.java:397)
	at org.springframework.boot.SpringApplication.run(SpringApplication.java:316)
	at org.springframework.boot.SpringApplication.run(SpringApplication.java:1260)
	at org.springframework.boot.SpringApplication.run(SpringApplication.java:1248)
	at org.fisco.bcos.Application.main(Application.java:12)
Caused by: org.springframework.beans.BeanInstantiationException: Failed to instantiate [org.fisco.bcos.web3j.protocol.Web3j]: Factory method 'getWeb3j' threw exception; nested exception is javax.net.ssl.SSLException: Failed to initialize the client-side SSLContext: class path resource [ca.crt] cannot be opened because it does not exist
	at org.springframework.beans.factory.support.SimpleInstantiationStrategy.instantiate(SimpleInstantiationStrategy.java:185)
	at org.springframework.beans.factory.support.ConstructorResolver.instantiate(ConstructorResolver.java:622)
	... 18 common frames omitted
Caused by: javax.net.ssl.SSLException: Failed to initialize the client-side SSLContext: class path resource [ca.crt] cannot be opened because it does not exist
	at org.fisco.bcos.channel.handler.ChannelConnections.initSslContextForConnect(ChannelConnections.java:350)
	at org.fisco.bcos.channel.handler.ChannelConnections.startConnect(ChannelConnections.java:283)
	at org.fisco.bcos.channel.client.Service.run(Service.java:113)
	at org.fisco.bcos.autoconfigure.Web3jConfig.getWeb3j(Web3jConfig.java:31)
	at org.fisco.bcos.autoconfigure.Web3jConfig$$EnhancerBySpringCGLIB$$ea1d926a.CGLIB$getWeb3j$0(<generated>)
	at org.fisco.bcos.autoconfigure.Web3jConfig$$EnhancerBySpringCGLIB$$ea1d926a$$FastClassBySpringCGLIB$$8b7e8543.invoke(<generated>)
	at org.springframework.cglib.proxy.MethodProxy.invokeSuper(MethodProxy.java:244)
	at org.springframework.context.annotation.ConfigurationClassEnhancer$BeanMethodInterceptor.intercept(ConfigurationClassEnhancer.java:363)
	at org.fisco.bcos.autoconfigure.Web3jConfig$$EnhancerBySpringCGLIB$$ea1d926a.getWeb3j(<generated>)
	at sun.reflect.NativeMethodAccessorImpl.invoke0(Native Method)
	at sun.reflect.NativeMethodAccessorImpl.invoke(NativeMethodAccessorImpl.java:62)
	at sun.reflect.DelegatingMethodAccessorImpl.invoke(DelegatingMethodAccessorImpl.java:43)
	at java.lang.reflect.Method.invoke(Method.java:498)
	at org.springframework.beans.factory.support.SimpleInstantiationStrategy.instantiate(SimpleInstantiationStrategy.java:154)
	... 19 common frames omitted
